<?xml version="1.0" encoding="UTF-8"?>
<testsuite xmlns:xsi="http://www.w3.org/2001/XMLSchema-instance" xsi:noNamespaceSchemaLocation="https://maven.apache.org/surefire/maven-surefire-plugin/xsd/surefire-test-report.xsd" name="com.blog.controller.UserControllerTest" time="0.514" tests="3" errors="0" skipped="0" failures="1">
  <properties>
    <property name="gopherProxySet" value="false"/>
    <property name="awt.toolkit" value="sun.lwawt.macosx.LWCToolkit"/>
    <property name="file.encoding.pkg" value="sun.io"/>
    <property name="java.specification.version" value="1.8"/>
    <property name="sun.cpu.isalist" value=""/>
    <property name="sun.jnu.encoding" value="UTF-8"/>
    <property name="java.class.path" value="/Users/rishabh.chowdhary/Downloads/blogging/target/test-classes:/Users/rishabh.chowdhary/Downloads/blogging/target/classes:/Users/rishabh.chowdhary/.m2/repository/com/h2database/h2/1.4.194/h2-1.4.194.jar:/Users/rishabh.chowdhary/.m2/repository/org/springframework/boot/spring-boot-starter-web/1.5.4.RELEASE/spring-boot-starter-web-1.5.4.RELEASE.jar:/Users/rishabh.chowdhary/.m2/repository/org/springframework/boot/spring-boot-starter/1.5.4.RELEASE/spring-boot-starter-1.5.4.RELEASE.jar:/Users/rishabh.chowdhary/.m2/repository/org/springframework/boot/spring-boot-starter-logging/1.5.4.RELEASE/spring-boot-starter-logging-1.5.4.RELEASE.jar:/Users/rishabh.chowdhary/.m2/repository/ch/qos/logback/logback-classic/1.1.11/logback-classic-1.1.11.jar:/Users/rishabh.chowdhary/.m2/repository/ch/qos/logback/logback-core/1.1.11/logback-core-1.1.11.jar:/Users/rishabh.chowdhary/.m2/repository/org/slf4j/jul-to-slf4j/1.7.25/jul-to-slf4j-1.7.25.jar:/Users/rishabh.chowdhary/.m2/repository/org/slf4j/log4j-over-slf4j/1.7.25/log4j-over-slf4j-1.7.25.jar:/Users/rishabh.chowdhary/.m2/repository/org/yaml/snakeyaml/1.17/snakeyaml-1.17.jar:/Users/rishabh.chowdhary/.m2/repository/org/springframework/boot/spring-boot-starter-tomcat/1.5.4.RELEASE/spring-boot-starter-tomcat-1.5.4.RELEASE.jar:/Users/rishabh.chowdhary/.m2/repository/org/apache/tomcat/embed/tomcat-embed-websocket/8.5.15/tomcat-embed-websocket-8.5.15.jar:/Users/rishabh.chowdhary/.m2/repository/org/hibernate/hibernate-validator/5.3.5.Final/hibernate-validator-5.3.5.Final.jar:/Users/rishabh.chowdhary/.m2/repository/javax/validation/validation-api/1.1.0.Final/validation-api-1.1.0.Final.jar:/Users/rishabh.chowdhary/.m2/repository/org/jboss/logging/jboss-logging/3.3.1.Final/jboss-logging-3.3.1.Final.jar:/Users/rishabh.chowdhary/.m2/repository/com/fasterxml/classmate/1.3.3/classmate-1.3.3.jar:/Users/rishabh.chowdhary/.m2/repository/com/fasterxml/jackson/core/jackson-databind/2.8.8/jackson-databind-2.8.8.jar:/Users/rishabh.chowdhary/.m2/repository/com/fasterxml/jackson/core/jackson-annotations/2.8.0/jackson-annotations-2.8.0.jar:/Users/rishabh.chowdhary/.m2/repository/com/fasterxml/jackson/core/jackson-core/2.8.8/jackson-core-2.8.8.jar:/Users/rishabh.chowdhary/.m2/repository/org/springframework/spring-web/4.3.9.RELEASE/spring-web-4.3.9.RELEASE.jar:/Users/rishabh.chowdhary/.m2/repository/org/springframework/spring-aop/4.3.9.RELEASE/spring-aop-4.3.9.RELEASE.jar:/Users/rishabh.chowdhary/.m2/repository/org/springframework/spring-context/4.3.9.RELEASE/spring-context-4.3.9.RELEASE.jar:/Users/rishabh.chowdhary/.m2/repository/org/springframework/spring-webmvc/4.3.9.RELEASE/spring-webmvc-4.3.9.RELEASE.jar:/Users/rishabh.chowdhary/.m2/repository/org/springframework/spring-expression/4.3.9.RELEASE/spring-expression-4.3.9.RELEASE.jar:/Users/rishabh.chowdhary/.m2/repository/javax/servlet/jsp/jstl/javax.servlet.jsp.jstl-api/1.2.1/javax.servlet.jsp.jstl-api-1.2.1.jar:/Users/rishabh.chowdhary/.m2/repository/javax/servlet/jstl/1.2/jstl-1.2.jar:/Users/rishabh.chowdhary/.m2/repository/taglibs/standard/1.1.2/standard-1.1.2.jar:/Users/rishabh.chowdhary/.m2/repository/org/apache/tomcat/embed/tomcat-embed-jasper/8.5.15/tomcat-embed-jasper-8.5.15.jar:/Users/rishabh.chowdhary/.m2/repository/org/apache/tomcat/embed/tomcat-embed-core/8.5.15/tomcat-embed-core-8.5.15.jar:/Users/rishabh.chowdhary/.m2/repository/org/apache/tomcat/embed/tomcat-embed-el/8.5.15/tomcat-embed-el-8.5.15.jar:/Users/rishabh.chowdhary/.m2/repository/org/eclipse/jdt/ecj/3.12.3/ecj-3.12.3.jar:/Users/rishabh.chowdhary/.m2/repository/org/projectlombok/lombok/1.18.4/lombok-1.18.4.jar:/Users/rishabh.chowdhary/.m2/repository/org/springframework/session/spring-session/1.3.1.RELEASE/spring-session-1.3.1.RELEASE.jar:/Users/rishabh.chowdhary/.m2/repository/org/springframework/boot/spring-boot-starter-data-mongodb/1.5.4.RELEASE/spring-boot-starter-data-mongodb-1.5.4.RELEASE.jar:/Users/rishabh.chowdhary/.m2/repository/org/mongodb/mongodb-driver/3.4.2/mongodb-driver-3.4.2.jar:/Users/rishabh.chowdhary/.m2/repository/org/mongodb/bson/3.4.2/bson-3.4.2.jar:/Users/rishabh.chowdhary/.m2/repository/org/mongodb/mongodb-driver-core/3.4.2/mongodb-driver-core-3.4.2.jar:/Users/rishabh.chowdhary/.m2/repository/org/springframework/data/spring-data-mongodb/1.10.4.RELEASE/spring-data-mongodb-1.10.4.RELEASE.jar:/Users/rishabh.chowdhary/.m2/repository/org/springframework/data/spring-data-commons/1.13.4.RELEASE/spring-data-commons-1.13.4.RELEASE.jar:/Users/rishabh.chowdhary/.m2/repository/org/slf4j/slf4j-api/1.7.25/slf4j-api-1.7.25.jar:/Users/rishabh.chowdhary/.m2/repository/org/slf4j/jcl-over-slf4j/1.7.25/jcl-over-slf4j-1.7.25.jar:/Users/rishabh.chowdhary/.m2/repository/org/springframework/boot/spring-boot-devtools/1.5.4.RELEASE/spring-boot-devtools-1.5.4.RELEASE.jar:/Users/rishabh.chowdhary/.m2/repository/org/springframework/boot/spring-boot/1.5.4.RELEASE/spring-boot-1.5.4.RELEASE.jar:/Users/rishabh.chowdhary/.m2/repository/org/springframework/boot/spring-boot-autoconfigure/1.5.4.RELEASE/spring-boot-autoconfigure-1.5.4.RELEASE.jar:/Users/rishabh.chowdhary/.m2/repository/junit/junit/4.12/junit-4.12.jar:/Users/rishabh.chowdhary/.m2/repository/org/hamcrest/hamcrest-core/1.3/hamcrest-core-1.3.jar:/Users/rishabh.chowdhary/.m2/repository/org/mockito/mockito-core/1.10.19/mockito-core-1.10.19.jar:/Users/rishabh.chowdhary/.m2/repository/org/objenesis/objenesis/2.1/objenesis-2.1.jar:/Users/rishabh.chowdhary/.m2/repository/org/hamcrest/hamcrest-library/1.3/hamcrest-library-1.3.jar:/Users/rishabh.chowdhary/.m2/repository/org/springframework/spring-jdbc/4.3.9.RELEASE/spring-jdbc-4.3.9.RELEASE.jar:/Users/rishabh.chowdhary/.m2/repository/org/springframework/spring-beans/4.3.9.RELEASE/spring-beans-4.3.9.RELEASE.jar:/Users/rishabh.chowdhary/.m2/repository/org/springframework/spring-core/4.3.9.RELEASE/spring-core-4.3.9.RELEASE.jar:/Users/rishabh.chowdhary/.m2/repository/org/springframework/spring-tx/4.3.9.RELEASE/spring-tx-4.3.9.RELEASE.jar:/Users/rishabh.chowdhary/.m2/repository/org/springframework/boot/spring-boot-starter-test/1.5.4.RELEASE/spring-boot-starter-test-1.5.4.RELEASE.jar:/Users/rishabh.chowdhary/.m2/repository/org/springframework/boot/spring-boot-test/1.5.4.RELEASE/spring-boot-test-1.5.4.RELEASE.jar:/Users/rishabh.chowdhary/.m2/repository/org/springframework/boot/spring-boot-test-autoconfigure/1.5.4.RELEASE/spring-boot-test-autoconfigure-1.5.4.RELEASE.jar:/Users/rishabh.chowdhary/.m2/repository/com/jayway/jsonpath/json-path/2.2.0/json-path-2.2.0.jar:/Users/rishabh.chowdhary/.m2/repository/net/minidev/json-smart/2.2.1/json-smart-2.2.1.jar:/Users/rishabh.chowdhary/.m2/repository/net/minidev/accessors-smart/1.1/accessors-smart-1.1.jar:/Users/rishabh.chowdhary/.m2/repository/org/ow2/asm/asm/5.0.3/asm-5.0.3.jar:/Users/rishabh.chowdhary/.m2/repository/org/assertj/assertj-core/2.6.0/assertj-core-2.6.0.jar:/Users/rishabh.chowdhary/.m2/repository/org/skyscreamer/jsonassert/1.4.0/jsonassert-1.4.0.jar:/Users/rishabh.chowdhary/.m2/repository/com/vaadin/external/google/android-json/0.0.20131108.vaadin1/android-json-0.0.20131108.vaadin1.jar:/Users/rishabh.chowdhary/.m2/repository/org/springframework/spring-test/4.3.9.RELEASE/spring-test-4.3.9.RELEASE.jar:/Users/rishabh.chowdhary/.m2/repository/com/google/code/gson/gson/2.2.4/gson-2.2.4.jar:/Users/rishabh.chowdhary/Downloads/blogging/src/test/resources:"/>
    <property name="java.vm.vendor" value="Oracle Corporation"/>
    <property name="sun.arch.data.model" value="64"/>
    <property name="java.vendor.url" value="http://java.oracle.com/"/>
    <property name="user.timezone" value=""/>
    <property name="java.vm.specification.version" value="1.8"/>
    <property name="os.name" value="Mac OS X"/>
    <property name="user.country" value="US"/>
    <property name="sun.java.launcher" value="SUN_STANDARD"/>
    <property name="sun.boot.library.path" value="/Library/Java/JavaVirtualMachines/jdk1.8.0_73.jdk/Contents/Home/jre/lib"/>
    <property name="sun.java.command" value="/Users/rishabh.chowdhary/Downloads/blogging/target/surefire/surefirebooter1307265995459094647.jar /Users/rishabh.chowdhary/Downloads/blogging/target/surefire 2018-12-07T12-40-24_738-jvmRun1 surefire4096916879123966487tmp surefire_08630824087612264086tmp"/>
    <property name="http.nonProxyHosts" value="local|*.local|169.254/16|*.169.254/16"/>
    <property name="surefire.test.class.path" value="/Users/rishabh.chowdhary/Downloads/blogging/target/test-classes:/Users/rishabh.chowdhary/Downloads/blogging/target/classes:/Users/rishabh.chowdhary/.m2/repository/com/h2database/h2/1.4.194/h2-1.4.194.jar:/Users/rishabh.chowdhary/.m2/repository/org/springframework/boot/spring-boot-starter-web/1.5.4.RELEASE/spring-boot-starter-web-1.5.4.RELEASE.jar:/Users/rishabh.chowdhary/.m2/repository/org/springframework/boot/spring-boot-starter/1.5.4.RELEASE/spring-boot-starter-1.5.4.RELEASE.jar:/Users/rishabh.chowdhary/.m2/repository/org/springframework/boot/spring-boot-starter-logging/1.5.4.RELEASE/spring-boot-starter-logging-1.5.4.RELEASE.jar:/Users/rishabh.chowdhary/.m2/repository/ch/qos/logback/logback-classic/1.1.11/logback-classic-1.1.11.jar:/Users/rishabh.chowdhary/.m2/repository/ch/qos/logback/logback-core/1.1.11/logback-core-1.1.11.jar:/Users/rishabh.chowdhary/.m2/repository/org/slf4j/jul-to-slf4j/1.7.25/jul-to-slf4j-1.7.25.jar:/Users/rishabh.chowdhary/.m2/repository/org/slf4j/log4j-over-slf4j/1.7.25/log4j-over-slf4j-1.7.25.jar:/Users/rishabh.chowdhary/.m2/repository/org/yaml/snakeyaml/1.17/snakeyaml-1.17.jar:/Users/rishabh.chowdhary/.m2/repository/org/springframework/boot/spring-boot-starter-tomcat/1.5.4.RELEASE/spring-boot-starter-tomcat-1.5.4.RELEASE.jar:/Users/rishabh.chowdhary/.m2/repository/org/apache/tomcat/embed/tomcat-embed-websocket/8.5.15/tomcat-embed-websocket-8.5.15.jar:/Users/rishabh.chowdhary/.m2/repository/org/hibernate/hibernate-validator/5.3.5.Final/hibernate-validator-5.3.5.Final.jar:/Users/rishabh.chowdhary/.m2/repository/javax/validation/validation-api/1.1.0.Final/validation-api-1.1.0.Final.jar:/Users/rishabh.chowdhary/.m2/repository/org/jboss/logging/jboss-logging/3.3.1.Final/jboss-logging-3.3.1.Final.jar:/Users/rishabh.chowdhary/.m2/repository/com/fasterxml/classmate/1.3.3/classmate-1.3.3.jar:/Users/rishabh.chowdhary/.m2/repository/com/fasterxml/jackson/core/jackson-databind/2.8.8/jackson-databind-2.8.8.jar:/Users/rishabh.chowdhary/.m2/repository/com/fasterxml/jackson/core/jackson-annotations/2.8.0/jackson-annotations-2.8.0.jar:/Users/rishabh.chowdhary/.m2/repository/com/fasterxml/jackson/core/jackson-core/2.8.8/jackson-core-2.8.8.jar:/Users/rishabh.chowdhary/.m2/repository/org/springframework/spring-web/4.3.9.RELEASE/spring-web-4.3.9.RELEASE.jar:/Users/rishabh.chowdhary/.m2/repository/org/springframework/spring-aop/4.3.9.RELEASE/spring-aop-4.3.9.RELEASE.jar:/Users/rishabh.chowdhary/.m2/repository/org/springframework/spring-context/4.3.9.RELEASE/spring-context-4.3.9.RELEASE.jar:/Users/rishabh.chowdhary/.m2/repository/org/springframework/spring-webmvc/4.3.9.RELEASE/spring-webmvc-4.3.9.RELEASE.jar:/Users/rishabh.chowdhary/.m2/repository/org/springframework/spring-expression/4.3.9.RELEASE/spring-expression-4.3.9.RELEASE.jar:/Users/rishabh.chowdhary/.m2/repository/javax/servlet/jsp/jstl/javax.servlet.jsp.jstl-api/1.2.1/javax.servlet.jsp.jstl-api-1.2.1.jar:/Users/rishabh.chowdhary/.m2/repository/javax/servlet/jstl/1.2/jstl-1.2.jar:/Users/rishabh.chowdhary/.m2/repository/taglibs/standard/1.1.2/standard-1.1.2.jar:/Users/rishabh.chowdhary/.m2/repository/org/apache/tomcat/embed/tomcat-embed-jasper/8.5.15/tomcat-embed-jasper-8.5.15.jar:/Users/rishabh.chowdhary/.m2/repository/org/apache/tomcat/embed/tomcat-embed-core/8.5.15/tomcat-embed-core-8.5.15.jar:/Users/rishabh.chowdhary/.m2/repository/org/apache/tomcat/embed/tomcat-embed-el/8.5.15/tomcat-embed-el-8.5.15.jar:/Users/rishabh.chowdhary/.m2/repository/org/eclipse/jdt/ecj/3.12.3/ecj-3.12.3.jar:/Users/rishabh.chowdhary/.m2/repository/org/projectlombok/lombok/1.18.4/lombok-1.18.4.jar:/Users/rishabh.chowdhary/.m2/repository/org/springframework/session/spring-session/1.3.1.RELEASE/spring-session-1.3.1.RELEASE.jar:/Users/rishabh.chowdhary/.m2/repository/org/springframework/boot/spring-boot-starter-data-mongodb/1.5.4.RELEASE/spring-boot-starter-data-mongodb-1.5.4.RELEASE.jar:/Users/rishabh.chowdhary/.m2/repository/org/mongodb/mongodb-driver/3.4.2/mongodb-driver-3.4.2.jar:/Users/rishabh.chowdhary/.m2/repository/org/mongodb/bson/3.4.2/bson-3.4.2.jar:/Users/rishabh.chowdhary/.m2/repository/org/mongodb/mongodb-driver-core/3.4.2/mongodb-driver-core-3.4.2.jar:/Users/rishabh.chowdhary/.m2/repository/org/springframework/data/spring-data-mongodb/1.10.4.RELEASE/spring-data-mongodb-1.10.4.RELEASE.jar:/Users/rishabh.chowdhary/.m2/repository/org/springframework/data/spring-data-commons/1.13.4.RELEASE/spring-data-commons-1.13.4.RELEASE.jar:/Users/rishabh.chowdhary/.m2/repository/org/slf4j/slf4j-api/1.7.25/slf4j-api-1.7.25.jar:/Users/rishabh.chowdhary/.m2/repository/org/slf4j/jcl-over-slf4j/1.7.25/jcl-over-slf4j-1.7.25.jar:/Users/rishabh.chowdhary/.m2/repository/org/springframework/boot/spring-boot-devtools/1.5.4.RELEASE/spring-boot-devtools-1.5.4.RELEASE.jar:/Users/rishabh.chowdhary/.m2/repository/org/springframework/boot/spring-boot/1.5.4.RELEASE/spring-boot-1.5.4.RELEASE.jar:/Users/rishabh.chowdhary/.m2/repository/org/springframework/boot/spring-boot-autoconfigure/1.5.4.RELEASE/spring-boot-autoconfigure-1.5.4.RELEASE.jar:/Users/rishabh.chowdhary/.m2/repository/junit/junit/4.12/junit-4.12.jar:/Users/rishabh.chowdhary/.m2/repository/org/hamcrest/hamcrest-core/1.3/hamcrest-core-1.3.jar:/Users/rishabh.chowdhary/.m2/repository/org/mockito/mockito-core/1.10.19/mockito-core-1.10.19.jar:/Users/rishabh.chowdhary/.m2/repository/org/objenesis/objenesis/2.1/objenesis-2.1.jar:/Users/rishabh.chowdhary/.m2/repository/org/hamcrest/hamcrest-library/1.3/hamcrest-library-1.3.jar:/Users/rishabh.chowdhary/.m2/repository/org/springframework/spring-jdbc/4.3.9.RELEASE/spring-jdbc-4.3.9.RELEASE.jar:/Users/rishabh.chowdhary/.m2/repository/org/springframework/spring-beans/4.3.9.RELEASE/spring-beans-4.3.9.RELEASE.jar:/Users/rishabh.chowdhary/.m2/repository/org/springframework/spring-core/4.3.9.RELEASE/spring-core-4.3.9.RELEASE.jar:/Users/rishabh.chowdhary/.m2/repository/org/springframework/spring-tx/4.3.9.RELEASE/spring-tx-4.3.9.RELEASE.jar:/Users/rishabh.chowdhary/.m2/repository/org/springframework/boot/spring-boot-starter-test/1.5.4.RELEASE/spring-boot-starter-test-1.5.4.RELEASE.jar:/Users/rishabh.chowdhary/.m2/repository/org/springframework/boot/spring-boot-test/1.5.4.RELEASE/spring-boot-test-1.5.4.RELEASE.jar:/Users/rishabh.chowdhary/.m2/repository/org/springframework/boot/spring-boot-test-autoconfigure/1.5.4.RELEASE/spring-boot-test-autoconfigure-1.5.4.RELEASE.jar:/Users/rishabh.chowdhary/.m2/repository/com/jayway/jsonpath/json-path/2.2.0/json-path-2.2.0.jar:/Users/rishabh.chowdhary/.m2/repository/net/minidev/json-smart/2.2.1/json-smart-2.2.1.jar:/Users/rishabh.chowdhary/.m2/repository/net/minidev/accessors-smart/1.1/accessors-smart-1.1.jar:/Users/rishabh.chowdhary/.m2/repository/org/ow2/asm/asm/5.0.3/asm-5.0.3.jar:/Users/rishabh.chowdhary/.m2/repository/org/assertj/assertj-core/2.6.0/assertj-core-2.6.0.jar:/Users/rishabh.chowdhary/.m2/repository/org/skyscreamer/jsonassert/1.4.0/jsonassert-1.4.0.jar:/Users/rishabh.chowdhary/.m2/repository/com/vaadin/external/google/android-json/0.0.20131108.vaadin1/android-json-0.0.20131108.vaadin1.jar:/Users/rishabh.chowdhary/.m2/repository/org/springframework/spring-test/4.3.9.RELEASE/spring-test-4.3.9.RELEASE.jar:/Users/rishabh.chowdhary/.m2/repository/com/google/code/gson/gson/2.2.4/gson-2.2.4.jar:/Users/rishabh.chowdhary/Downloads/blogging/src/test/resources:"/>
    <property name="sun.cpu.endian" value="little"/>
    <property name="user.home" value="/Users/rishabh.chowdhary"/>
    <property name="user.language" value="en"/>
    <property name="java.specification.vendor" value="Oracle Corporation"/>
    <property name="java.home" value="/Library/Java/JavaVirtualMachines/jdk1.8.0_73.jdk/Contents/Home/jre"/>
    <property name="basedir" value="/Users/rishabh.chowdhary/Downloads/blogging"/>
    <property name="file.separator" value="/"/>
    <property name="line.separator" value="&#10;"/>
    <property name="java.vm.specification.vendor" value="Oracle Corporation"/>
    <property name="java.specification.name" value="Java Platform API Specification"/>
    <property name="java.awt.graphicsenv" value="sun.awt.CGraphicsEnvironment"/>
    <property name="surefire.real.class.path" value="/Users/rishabh.chowdhary/Downloads/blogging/target/surefire/surefirebooter1307265995459094647.jar"/>
    <property name="sun.boot.class.path" value="/Library/Java/JavaVirtualMachines/jdk1.8.0_73.jdk/Contents/Home/jre/lib/resources.jar:/Library/Java/JavaVirtualMachines/jdk1.8.0_73.jdk/Contents/Home/jre/lib/rt.jar:/Library/Java/JavaVirtualMachines/jdk1.8.0_73.jdk/Contents/Home/jre/lib/sunrsasign.jar:/Library/Java/JavaVirtualMachines/jdk1.8.0_73.jdk/Contents/Home/jre/lib/jsse.jar:/Library/Java/JavaVirtualMachines/jdk1.8.0_73.jdk/Contents/Home/jre/lib/jce.jar:/Library/Java/JavaVirtualMachines/jdk1.8.0_73.jdk/Contents/Home/jre/lib/charsets.jar:/Library/Java/JavaVirtualMachines/jdk1.8.0_73.jdk/Contents/Home/jre/lib/jfr.jar:/Library/Java/JavaVirtualMachines/jdk1.8.0_73.jdk/Contents/Home/jre/classes"/>
    <property name="sun.management.compiler" value="HotSpot 64-Bit Tiered Compilers"/>
    <property name="ftp.nonProxyHosts" value="local|*.local|169.254/16|*.169.254/16"/>
    <property name="java.runtime.version" value="1.8.0_73-b02"/>
    <property name="user.name" value="rishabh.chowdhary"/>
    <property name="path.separator" value=":"/>
    <property name="os.version" value="10.12.5"/>
    <property name="java.endorsed.dirs" value="/Library/Java/JavaVirtualMachines/jdk1.8.0_73.jdk/Contents/Home/jre/lib/endorsed"/>
    <property name="java.runtime.name" value="Java(TM) SE Runtime Environment"/>
    <property name="file.encoding" value="UTF-8"/>
    <property name="java.vm.name" value="Java HotSpot(TM) 64-Bit Server VM"/>
    <property name="localRepository" value="/Users/rishabh.chowdhary/.m2/repository"/>
    <property name="java.vendor.url.bug" value="http://bugreport.sun.com/bugreport/"/>
    <property name="java.io.tmpdir" value="/var/folders/_6/n126cnhd5l17l8_7xgqsg9m58tm48s/T/"/>
    <property name="java.version" value="1.8.0_73"/>
    <property name="user.dir" value="/Users/rishabh.chowdhary/Downloads/blogging"/>
    <property name="os.arch" value="x86_64"/>
    <property name="java.vm.specification.name" value="Java Virtual Machine Specification"/>
    <property name="java.awt.printerjob" value="sun.lwawt.macosx.CPrinterJob"/>
    <property name="sun.os.patch.level" value="unknown"/>
    <property name="java.library.path" value="/Users/rishabh.chowdhary/Library/Java/Extensions:/Library/Java/Extensions:/Network/Library/Java/Extensions:/System/Library/Java/Extensions:/usr/lib/java:."/>
    <property name="java.vm.info" value="mixed mode"/>
    <property name="java.vendor" value="Oracle Corporation"/>
    <property name="java.vm.version" value="25.73-b02"/>
    <property name="java.ext.dirs" value="/Users/rishabh.chowdhary/Library/Java/Extensions:/Library/Java/JavaVirtualMachines/jdk1.8.0_73.jdk/Contents/Home/jre/lib/ext:/Library/Java/Extensions:/Network/Library/Java/Extensions:/System/Library/Java/Extensions:/usr/lib/java"/>
    <property name="sun.io.unicode.encoding" value="UnicodeBig"/>
    <property name="java.class.version" value="52.0"/>
    <property name="socksNonProxyHosts" value="local|*.local|169.254/16|*.169.254/16"/>
  </properties>
  <testcase name="testAddUser" classname="com.blog.controller.UserControllerTest" time="0.114"/>
  <testcase name="testRegistration" classname="com.blog.controller.UserControllerTest" time="0.162"/>
  <testcase name="testUserAlreadyExist" classname="com.blog.controller.UserControllerTest" time="0.19">
    <failure message="Status expected:&lt;200&gt; but was:&lt;400&gt;" type="java.lang.AssertionError"><![CDATA[java.lang.AssertionError: Status expected:<200> but was:<400>
	at com.blog.controller.UserControllerTest.testUserAlreadyExist(UserControllerTest.java:151)
]]></failure>
    <system-out><![CDATA[2018-12-07 12:40:35.337  INFO 41915 --- [           main] ilder$StaticRequestMappingHandlerMapping : Mapped "{[/registration],methods=[GET]}" onto public java.lang.String com.blog.controller.UserController.registration()
2018-12-07 12:40:35.337  INFO 41915 --- [           main] ilder$StaticRequestMappingHandlerMapping : Mapped "{[/users/save],methods=[POST]}" onto public java.lang.String com.blog.controller.UserController.addUser(javax.servlet.http.HttpServletRequest,com.blog.dto.request.RegisterUserRequest,javax.servlet.http.HttpServletResponse)
2018-12-07 12:40:35.353  INFO 41915 --- [           main] s.w.s.m.m.a.RequestMappingHandlerAdapter : Looking for @ControllerAdvice: org.springframework.test.web.servlet.setup.StubWebApplicationContext@2accaec2
2018-12-07 12:40:35.360  INFO 41915 --- [           main] o.s.mock.web.MockServletContext          : Initializing Spring FrameworkServlet ''
2018-12-07 12:40:35.360  INFO 41915 --- [           main] o.s.t.web.servlet.TestDispatcherServlet  : FrameworkServlet '': initialization started
2018-12-07 12:40:35.361  INFO 41915 --- [           main] o.s.t.web.servlet.TestDispatcherServlet  : FrameworkServlet '': initialization completed in 1 ms
2018-12-07 12:40:35.362  INFO 41915 --- [           main] ilder$StaticRequestMappingHandlerMapping : Mapped "{[/registration],methods=[GET]}" onto public java.lang.String com.blog.controller.UserController.registration()
2018-12-07 12:40:35.362  INFO 41915 --- [           main] ilder$StaticRequestMappingHandlerMapping : Mapped "{[/users/save],methods=[POST]}" onto public java.lang.String com.blog.controller.UserController.addUser(javax.servlet.http.HttpServletRequest,com.blog.dto.request.RegisterUserRequest,javax.servlet.http.HttpServletResponse)
2018-12-07 12:40:35.380  INFO 41915 --- [           main] s.w.s.m.m.a.RequestMappingHandlerAdapter : Looking for @ControllerAdvice: org.springframework.test.web.servlet.setup.StubWebApplicationContext@19c1820d
2018-12-07 12:40:35.385  INFO 41915 --- [           main] o.s.mock.web.MockServletContext          : Initializing Spring FrameworkServlet ''
2018-12-07 12:40:35.385  INFO 41915 --- [           main] o.s.t.web.servlet.TestDispatcherServlet  : FrameworkServlet '': initialization started
2018-12-07 12:40:35.385  INFO 41915 --- [           main] o.s.t.web.servlet.TestDispatcherServlet  : FrameworkServlet '': initialization completed in 0 ms
2018-12-07 12:40:35.413 ERROR 41915 --- [           main] com.blog.controller.UserController       : error occured

com.blog.dto.exceptions.UserAlreadyExistException: User already exists!
	at com.blog.controller.UserControllerTest$1.answer(UserControllerTest.java:107) ~[test-classes/:na]
	at com.blog.controller.UserControllerTest$1.answer(UserControllerTest.java:101) ~[test-classes/:na]
	at org.mockito.internal.stubbing.StubbedInvocationMatcher.answer(StubbedInvocationMatcher.java:34) ~[mockito-core-1.10.19.jar:na]
	at org.mockito.internal.handler.MockHandlerImpl.handle(MockHandlerImpl.java:91) ~[mockito-core-1.10.19.jar:na]
	at org.mockito.internal.handler.NullResultGuardian.handle(NullResultGuardian.java:29) ~[mockito-core-1.10.19.jar:na]
	at org.mockito.internal.handler.InvocationNotifierHandler.handle(InvocationNotifierHandler.java:38) ~[mockito-core-1.10.19.jar:na]
	at org.mockito.internal.creation.cglib.MethodInterceptorFilter.intercept(MethodInterceptorFilter.java:59) ~[mockito-core-1.10.19.jar:na]
	at com.blog.service.UserService$$EnhancerByMockitoWithCGLIB$$199d5ea7.addUser(<generated>) ~[mockito-core-1.10.19.jar:na]
	at com.blog.controller.UserController.addUser(UserController.java:41) ~[classes/:na]
	at sun.reflect.NativeMethodAccessorImpl.invoke0(Native Method) ~[na:1.8.0_73]
	at sun.reflect.NativeMethodAccessorImpl.invoke(NativeMethodAccessorImpl.java:62) ~[na:1.8.0_73]
	at sun.reflect.DelegatingMethodAccessorImpl.invoke(DelegatingMethodAccessorImpl.java:43) ~[na:1.8.0_73]
	at java.lang.reflect.Method.invoke(Method.java:497) ~[na:1.8.0_73]
	at org.springframework.web.method.support.InvocableHandlerMethod.doInvoke(InvocableHandlerMethod.java:205) [spring-web-4.3.9.RELEASE.jar:4.3.9.RELEASE]
	at org.springframework.web.method.support.InvocableHandlerMethod.invokeForRequest(InvocableHandlerMethod.java:133) [spring-web-4.3.9.RELEASE.jar:4.3.9.RELEASE]
	at org.springframework.web.servlet.mvc.method.annotation.ServletInvocableHandlerMethod.invokeAndHandle(ServletInvocableHandlerMethod.java:97) [spring-webmvc-4.3.9.RELEASE.jar:4.3.9.RELEASE]
	at org.springframework.web.servlet.mvc.method.annotation.RequestMappingHandlerAdapter.invokeHandlerMethod(RequestMappingHandlerAdapter.java:827) [spring-webmvc-4.3.9.RELEASE.jar:4.3.9.RELEASE]
	at org.springframework.web.servlet.mvc.method.annotation.RequestMappingHandlerAdapter.handleInternal(RequestMappingHandlerAdapter.java:738) [spring-webmvc-4.3.9.RELEASE.jar:4.3.9.RELEASE]
	at org.springframework.web.servlet.mvc.method.AbstractHandlerMethodAdapter.handle(AbstractHandlerMethodAdapter.java:85) [spring-webmvc-4.3.9.RELEASE.jar:4.3.9.RELEASE]
	at org.springframework.web.servlet.DispatcherServlet.doDispatch(DispatcherServlet.java:967) [spring-webmvc-4.3.9.RELEASE.jar:4.3.9.RELEASE]
	at org.springframework.web.servlet.DispatcherServlet.doService(DispatcherServlet.java:901) [spring-webmvc-4.3.9.RELEASE.jar:4.3.9.RELEASE]
	at org.springframework.web.servlet.FrameworkServlet.processRequest(FrameworkServlet.java:970) [spring-webmvc-4.3.9.RELEASE.jar:4.3.9.RELEASE]
	at org.springframework.web.servlet.FrameworkServlet.doPost(FrameworkServlet.java:872) [spring-webmvc-4.3.9.RELEASE.jar:4.3.9.RELEASE]
	at javax.servlet.http.HttpServlet.service(HttpServlet.java:661) [tomcat-embed-core-8.5.15.jar:8.5.15]
	at org.springframework.web.servlet.FrameworkServlet.service(FrameworkServlet.java:846) [spring-webmvc-4.3.9.RELEASE.jar:4.3.9.RELEASE]
	at org.springframework.test.web.servlet.TestDispatcherServlet.service(TestDispatcherServlet.java:65) [spring-test-4.3.9.RELEASE.jar:4.3.9.RELEASE]
	at javax.servlet.http.HttpServlet.service(HttpServlet.java:742) [tomcat-embed-core-8.5.15.jar:8.5.15]
	at org.springframework.mock.web.MockFilterChain$ServletFilterProxy.doFilter(MockFilterChain.java:167) [spring-test-4.3.9.RELEASE.jar:4.3.9.RELEASE]
	at org.springframework.mock.web.MockFilterChain.doFilter(MockFilterChain.java:134) [spring-test-4.3.9.RELEASE.jar:4.3.9.RELEASE]
	at org.springframework.test.web.servlet.MockMvc.perform(MockMvc.java:155) [spring-test-4.3.9.RELEASE.jar:4.3.9.RELEASE]
	at com.blog.controller.UserControllerTest.testUserAlreadyExist(UserControllerTest.java:146) [test-classes/:na]
	at sun.reflect.NativeMethodAccessorImpl.invoke0(Native Method) ~[na:1.8.0_73]
	at sun.reflect.NativeMethodAccessorImpl.invoke(NativeMethodAccessorImpl.java:62) ~[na:1.8.0_73]
	at sun.reflect.DelegatingMethodAccessorImpl.invoke(DelegatingMethodAccessorImpl.java:43) ~[na:1.8.0_73]
	at java.lang.reflect.Method.invoke(Method.java:497) ~[na:1.8.0_73]
	at org.junit.runners.model.FrameworkMethod$1.runReflectiveCall(FrameworkMethod.java:50) [junit-4.12.jar:4.12]
	at org.junit.internal.runners.model.ReflectiveCallable.run(ReflectiveCallable.java:12) [junit-4.12.jar:4.12]
	at org.junit.runners.model.FrameworkMethod.invokeExplosively(FrameworkMethod.java:47) [junit-4.12.jar:4.12]
	at org.junit.internal.runners.statements.InvokeMethod.evaluate(InvokeMethod.java:17) [junit-4.12.jar:4.12]
	at org.junit.internal.runners.statements.RunBefores.evaluate(RunBefores.java:26) [junit-4.12.jar:4.12]
	at org.springframework.test.context.junit4.statements.RunBeforeTestMethodCallbacks.evaluate(RunBeforeTestMethodCallbacks.java:75) [spring-test-4.3.9.RELEASE.jar:4.3.9.RELEASE]
	at org.springframework.test.context.junit4.statements.RunAfterTestMethodCallbacks.evaluate(RunAfterTestMethodCallbacks.java:86) [spring-test-4.3.9.RELEASE.jar:4.3.9.RELEASE]
	at org.springframework.test.context.junit4.statements.SpringRepeat.evaluate(SpringRepeat.java:84) [spring-test-4.3.9.RELEASE.jar:4.3.9.RELEASE]
	at org.junit.runners.ParentRunner.runLeaf(ParentRunner.java:325) [junit-4.12.jar:4.12]
	at org.springframework.test.context.junit4.SpringJUnit4ClassRunner.runChild(SpringJUnit4ClassRunner.java:252) [spring-test-4.3.9.RELEASE.jar:4.3.9.RELEASE]
	at org.springframework.test.context.junit4.SpringJUnit4ClassRunner.runChild(SpringJUnit4ClassRunner.java:94) [spring-test-4.3.9.RELEASE.jar:4.3.9.RELEASE]
	at org.junit.runners.ParentRunner$3.run(ParentRunner.java:290) [junit-4.12.jar:4.12]
	at org.junit.runners.ParentRunner$1.schedule(ParentRunner.java:71) [junit-4.12.jar:4.12]
	at org.junit.runners.ParentRunner.runChildren(ParentRunner.java:288) [junit-4.12.jar:4.12]
	at org.junit.runners.ParentRunner.access$000(ParentRunner.java:58) [junit-4.12.jar:4.12]
	at org.junit.runners.ParentRunner$2.evaluate(ParentRunner.java:268) [junit-4.12.jar:4.12]
	at org.springframework.test.context.junit4.statements.RunBeforeTestClassCallbacks.evaluate(RunBeforeTestClassCallbacks.java:61) [spring-test-4.3.9.RELEASE.jar:4.3.9.RELEASE]
	at org.springframework.test.context.junit4.statements.RunAfterTestClassCallbacks.evaluate(RunAfterTestClassCallbacks.java:70) [spring-test-4.3.9.RELEASE.jar:4.3.9.RELEASE]
	at org.junit.runners.ParentRunner.run(ParentRunner.java:363) [junit-4.12.jar:4.12]
	at org.springframework.test.context.junit4.SpringJUnit4ClassRunner.run(SpringJUnit4ClassRunner.java:191) [spring-test-4.3.9.RELEASE.jar:4.3.9.RELEASE]
	at org.apache.maven.surefire.junit4.JUnit4Provider.execute(JUnit4Provider.java:365) [surefire-junit4-3.0.0-M1.jar:3.0.0-M1]
	at org.apache.maven.surefire.junit4.JUnit4Provider.executeWithRerun(JUnit4Provider.java:273) [surefire-junit4-3.0.0-M1.jar:3.0.0-M1]
	at org.apache.maven.surefire.junit4.JUnit4Provider.executeTestSet(JUnit4Provider.java:238) [surefire-junit4-3.0.0-M1.jar:3.0.0-M1]
	at org.apache.maven.surefire.junit4.JUnit4Provider.invoke(JUnit4Provider.java:159) [surefire-junit4-3.0.0-M1.jar:3.0.0-M1]
	at org.apache.maven.surefire.booter.ForkedBooter.invokeProviderInSameClassLoader(ForkedBooter.java:384) [surefire-booter-3.0.0-M1.jar:3.0.0-M1]
	at org.apache.maven.surefire.booter.ForkedBooter.runSuitesInProcess(ForkedBooter.java:345) [surefire-booter-3.0.0-M1.jar:3.0.0-M1]
	at org.apache.maven.surefire.booter.ForkedBooter.execute(ForkedBooter.java:126) [surefire-booter-3.0.0-M1.jar:3.0.0-M1]
	at org.apache.maven.surefire.booter.ForkedBooter.main(ForkedBooter.java:418) [surefire-booter-3.0.0-M1.jar:3.0.0-M1]

]]></system-out>
  </testcase>
</testsuite>